time="2024-07-31T13:40:43Z" level=info msg="Starting user-service..."
time="2024-07-31T13:40:43Z" level=info msg="Configuration loaded"
time="2024-07-31T13:40:43Z" level=info msg="Starting command-service..."
time="2024-07-31T13:40:43Z" level=info msg="Configuration loaded"
time="2024-07-31T13:40:43Z" level=info msg="Starting device-service..."
time="2024-07-31T13:40:43Z" level=info msg="Configuration loaded"
time="2024-07-31T13:40:44Z" level=info msg="Api-gateway starting..."
time="2024-07-31T13:40:44Z" level=info msg="Configuration loaded"
time="2024-07-31T13:40:44Z" level=info msg="Dial with user-service is ok"
time="2024-07-31T13:40:44Z" level=info msg="Dial with device-service is ok"
time="2024-07-31T13:40:44Z" level=info msg="Dial with command-service is ok"
time="2024-07-31T13:40:44Z" level=info msg="MongoDB connected"
time="2024-07-31T13:40:44Z" level=info msg="Redis connected"
time="2024-07-31T13:40:44Z" level=info msg="User-service working clean"
time="2024-07-31T13:40:44Z" level=info msg="Grpc User Service listening on :7070"
time="2024-07-31T13:40:44Z" level=info msg="MongoDB connected"
time="2024-07-31T13:40:44Z" level=info msg="MongoDB connected"
time="2024-07-31T13:40:44Z" level=info msg="Device-service working clean"
time="2024-07-31T13:40:44Z" level=info msg="Starting Consuming..."
time="2024-07-31T13:40:44Z" level=error msg="RabbitMQ connection FAILED dial tcp 172.19.0.4:5672: connect: connection refused"
time="2024-07-31T13:41:36Z" level=info msg="Starting device-service..."
time="2024-07-31T13:41:36Z" level=info msg="Starting command-service..."
time="2024-07-31T13:41:36Z" level=info msg="Configuration loaded"
time="2024-07-31T13:41:36Z" level=info msg="Configuration loaded"
time="2024-07-31T13:41:36Z" level=info msg="MongoDB connected"
time="2024-07-31T13:41:36Z" level=info msg="Device-service working clean"
time="2024-07-31T13:41:36Z" level=info msg="Starting Consuming..."
time="2024-07-31T13:41:36Z" level=info msg="MongoDB connected"
time="2024-07-31T13:41:36Z" level=info msg="Dial with Producer is succesfully"
time="2024-07-31T13:41:36Z" level=info msg="Command-Service working clean"
time="2024-07-31T13:45:51Z" level=info msg="Creating new user... map[email:john@example.com user_name:john_doe]"
time="2024-07-31T13:45:51Z" level=info msg="User created successfully map[user_id:66aa400fa0c4428372cbad87]"
time="2024-07-31T13:45:51Z" level=info msg="Redis data name and duration map[data_name:66aa400fa0c4428372cbad87User duration:59m59.333291865s]"
time="2024-07-31T13:45:51Z" level=info msg="Set User to Redis is successfully"
time="2024-07-31T13:45:51Z" level=info msg="Incoming requestmap[duration:51.439089ms method:POST path:/users/register status:200]"
time="2024-07-31T13:46:40Z" level=info msg="Searching user... map[email:john@example.com]"
time="2024-07-31T13:46:40Z" level=info msg="User founded successfully map[user_id:66aa400fa0c4428372cbad87]"
time="2024-07-31T13:46:40Z" level=info msg="Incoming requestmap[duration:2.067282ms method:POST path:/users/login status:200]"
time="2024-07-31T13:47:34Z" level=info msg="Searching user... map[email:john@example.com]"
time="2024-07-31T13:47:34Z" level=warning msg="User not found map[email:john@example.com]"
time="2024-07-31T13:47:34Z" level=info msg="Incoming requestmap[duration:1.956073ms method:POST path:/users/login status:500]"
time="2024-07-31T13:47:55Z" level=info msg="Count of users map[users_count:1]"
time="2024-07-31T13:47:55Z" level=info msg="Incoming requestmap[duration:1.633136ms method:GET path:/users/profile status:200]"
time="2024-07-31T13:49:41Z" level=info msg="Updating user... map[user_id:66aa400fa0c4428372cbad87]"
time="2024-07-31T13:49:41Z" level=info msg="User updated successfully map[user_id:66aa400fa0c4428372cbad87]"
time="2024-07-31T13:49:41Z" level=info msg="Incoming requestmap[duration:3.074174ms method:PUT path:/users/ status:200]"
time="2024-07-31T13:51:01Z" level=info msg="Creating new device... map[device_name:Living Room Light device_type:lightbulb]"
time="2024-07-31T13:51:01Z" level=info msg="Device created successfully map[device_id:66aa4145310be05b6c27b2ad]"
time="2024-07-31T13:51:02Z" level=info msg="Incoming requestmap[duration:244.05316ms method:POST path:/devices status:200]"
time="2024-07-31T13:51:15Z" level=info msg="Count of devices map[devices_count:1]"
time="2024-07-31T13:51:15Z" level=info msg="Incoming requestmap[duration:1.709571ms method:GET path:/devices status:200]"
time="2024-07-31T13:51:29Z" level=info msg="Searching device... map[device_id:66aa4145310be05b6c27b2ad]"
time="2024-07-31T13:51:29Z" level=info msg="Device founded successfully map[device_name:Living Room Light device_type:lightbulb]"
time="2024-07-31T13:51:29Z" level=info msg="Incoming requestmap[duration:1.972086ms method:GET path:/devices/66aa4145310be05b6c27b2ad status:200]"
time="2024-07-31T13:52:15Z" level=info msg="Updating device... map[device_id:66aa4145310be05b6c27b2ad]"
time="2024-07-31T13:52:15Z" level=info msg="Device updated successfully map[device_id:66aa4145310be05b6c27b2ad]"
time="2024-07-31T13:52:15Z" level=info msg="Incoming requestmap[duration:2.343372ms method:PUT path:/devices status:200]"
time="2024-07-31T13:52:27Z" level=info msg="Updating device... map[device_id:66aa4145310be05b6c27b2a]"
time="2024-07-31T13:52:27Z" level=error msg="Invalid device id map[error:the provided hex string is not a valid ObjectID]"
time="2024-07-31T13:52:27Z" level=info msg="Incoming requestmap[duration:1.105516ms method:PUT path:/devices status:500]"
time="2024-07-31T13:53:01Z" level=info msg="Creating new command... map[command_type:set_brightness device_id:device456]"
time="2024-07-31T13:53:02Z" level=info msg="Command created successfully map[command_id:66aa41bd48ce3a37f1260005]"
time="2024-07-31T13:53:02Z" level=info msg="Incoming requestmap[duration:269.682829ms method:POST path:/control status:200]"
time="2024-07-31T13:53:26Z" level=info msg="Count of commands map[commands_count:1]"
time="2024-07-31T13:53:26Z" level=info msg="Incoming requestmap[duration:1.71095ms method:GET path:/commands status:200]"
time="2024-07-31T13:53:50Z" level=info msg="Deleting command... map[command_id:66aa41bd48ce3a37f1260005]"
time="2024-07-31T13:53:50Z" level=info msg="Command deleted successfully map[command_id:66aa41bd48ce3a37f1260005]"
time="2024-07-31T13:53:50Z" level=info msg="Incoming requestmap[duration:2.160254ms method:DELETE path:/command/66aa41bd48ce3a37f1260005 status:200]"
time="2024-07-31T13:54:48Z" level=info msg="Creating new command... map[command_type:set_brightness device_id:66aa4145310be05b6c27b2ad]"
time="2024-07-31T13:54:48Z" level=info msg="Command created successfully map[command_id:66aa422848ce3a37f1260006]"
time="2024-07-31T13:54:48Z" level=info msg="Incoming requestmap[duration:2.750728ms method:POST path:/control status:200]"
time="2024-07-31T13:54:57Z" level=info msg="Count of commands map[commands_count:1]"
time="2024-07-31T13:54:57Z" level=info msg="Incoming requestmap[duration:1.505436ms method:GET path:/commands status:200]"
time="2024-07-31T13:55:11Z" level=info msg="Searching command... map[command_id:66aa422848ce3a37f126000]"
time="2024-07-31T13:55:11Z" level=error msg="Invalid command id map[error:the provided hex string is not a valid ObjectID]"
time="2024-07-31T13:55:11Z" level=info msg="Incoming requestmap[duration:1.282276ms method:GET path:/command/66aa422848ce3a37f126000 status:500]"
time="2024-07-31T13:55:18Z" level=info msg="Searching command... map[command_id:66aa422848ce3a37f1260006]"
time="2024-07-31T13:55:18Z" level=info msg="Command founded successfully map[command_type:set_brightness device_id:66aa4145310be05b6c27b2ad]"
time="2024-07-31T13:55:18Z" level=info msg="Incoming requestmap[duration:1.973049ms method:GET path:/command/66aa422848ce3a37f1260006 status:200]"
time="2024-07-31T13:57:43Z" level=info msg="Creating new command... map[command_type:set_brightness device_id:66aa4145310be05b6c27b2ad]"
time="2024-07-31T13:57:43Z" level=info msg="Command created successfully map[command_id:66aa42d748ce3a37f1260007]"
time="2024-07-31T13:57:43Z" level=info msg="Incoming requestmap[duration:1.801866ms method:POST path:/control status:200]"
time="2024-07-31T13:59:18Z" level=info msg="Starting user-service..."
time="2024-07-31T13:59:18Z" level=info msg="Configuration loaded"
time="2024-07-31T13:59:18Z" level=info msg="Starting command-service..."
time="2024-07-31T13:59:18Z" level=info msg="Configuration loaded"
time="2024-07-31T13:59:18Z" level=info msg="Starting device-service..."
time="2024-07-31T13:59:18Z" level=info msg="Configuration loaded"
time="2024-07-31T13:59:18Z" level=info msg="Api-gateway starting..."
time="2024-07-31T13:59:18Z" level=info msg="Configuration loaded"
time="2024-07-31T13:59:18Z" level=info msg="Dial with user-service is ok"
time="2024-07-31T13:59:18Z" level=info msg="Dial with device-service is ok"
time="2024-07-31T13:59:18Z" level=info msg="Dial with command-service is ok"
time="2024-07-31T13:59:18Z" level=info msg="MongoDB connected"
time="2024-07-31T13:59:18Z" level=info msg="Redis connected"
time="2024-07-31T13:59:18Z" level=info msg="User-service working clean"
time="2024-07-31T13:59:18Z" level=info msg="Grpc User Service listening on :7070"
time="2024-07-31T13:59:18Z" level=info msg="MongoDB connected"
time="2024-07-31T13:59:18Z" level=error msg="RabbitMQ connection FAILED dial tcp 172.19.0.4:5672: connect: connection refused"
time="2024-07-31T13:59:18Z" level=info msg="MongoDB connected"
time="2024-07-31T13:59:18Z" level=info msg="Device-service working clean"
time="2024-07-31T13:59:18Z" level=info msg="Starting Consuming..."
time="2024-07-31T14:00:02Z" level=info msg="Incoming requestmap[duration:76.7202ms method:POST path:/control status:500]"
time="2024-07-31T14:00:25Z" level=info msg="Starting device-service..."
time="2024-07-31T14:00:25Z" level=info msg="Configuration loaded"
time="2024-07-31T14:00:25Z" level=info msg="MongoDB connected"
time="2024-07-31T14:00:25Z" level=info msg="Device-service working clean"
time="2024-07-31T14:00:25Z" level=info msg="Starting Consuming..."
time="2024-07-31T14:00:25Z" level=info msg="Starting command-service..."
time="2024-07-31T14:00:25Z" level=info msg="Configuration loaded"
time="2024-07-31T14:00:26Z" level=info msg="MongoDB connected"
time="2024-07-31T14:00:26Z" level=info msg="Dial with Producer is succesfully"
time="2024-07-31T14:00:26Z" level=info msg="Command-Service working clean"
time="2024-07-31T14:00:35Z" level=info msg="Creating new command... map[command_type:set_brightness device_id:66aa4145310be05b6c27b2ad]"
time="2024-07-31T14:00:35Z" level=info msg="Command created successfully map[command_id:66aa438354f235bf33e1336b]"
time="2024-07-31T14:00:35Z" level=info msg="Incoming requestmap[duration:76.447182ms method:POST path:/control status:200]"
time="2024-07-31T14:00:35Z" level=info msg="Received a message From Producer: [123 34 100 101 118 105 99 101 95 105 100 34 58 34 54 54 97 97 52 49 52 53 51 49 48 98 101 48 53 98 54 99 50 55 98 50 97 100 34 44 34 117 115 101 114 95 105 100 34 58 34 54 54 97 97 52 48 48 102 97 48 99 52 52 50 56 51 55 50 99 98 97 100 56 55 34 44 34 99 111 109 109 97 110 100 95 116 121 112 101 34 58 34 115 101 116 95 98 114 105 103 104 116 110 101 115 115 34 44 34 99 111 109 109 97 110 100 95 112 97 121 108 111 97 100 34 58 123 34 98 114 105 103 104 116 110 101 115 115 34 58 56 48 125 44 34 115 116 97 116 117 115 34 58 34 112 101 110 100 105 110 103 34 125]"
time="2024-07-31T14:03:28Z" level=info msg="Starting user-service..."
time="2024-07-31T14:03:28Z" level=info msg="Configuration loaded"
time="2024-07-31T14:03:28Z" level=info msg="Starting device-service..."
time="2024-07-31T14:03:28Z" level=info msg="Configuration loaded"
time="2024-07-31T14:03:28Z" level=info msg="Starting command-service..."
time="2024-07-31T14:03:28Z" level=info msg="Configuration loaded"
time="2024-07-31T14:03:28Z" level=info msg="Api-gateway starting..."
time="2024-07-31T14:03:28Z" level=info msg="Configuration loaded"
time="2024-07-31T14:03:28Z" level=info msg="Dial with user-service is ok"
time="2024-07-31T14:03:28Z" level=info msg="Dial with device-service is ok"
time="2024-07-31T14:03:28Z" level=info msg="Dial with command-service is ok"
time="2024-07-31T14:03:29Z" level=info msg="MongoDB connected"
time="2024-07-31T14:03:29Z" level=info msg="Redis connected"
time="2024-07-31T14:03:29Z" level=info msg="User-service working clean"
time="2024-07-31T14:03:29Z" level=info msg="Grpc User Service listening on :7070"
time="2024-07-31T14:03:29Z" level=info msg="MongoDB connected"
time="2024-07-31T14:03:29Z" level=info msg="Device-service working clean"
time="2024-07-31T14:03:29Z" level=info msg="Starting Consuming..."
time="2024-07-31T14:03:29Z" level=info msg="MongoDB connected"
time="2024-07-31T14:03:29Z" level=error msg="RabbitMQ connection FAILED dial tcp 172.19.0.4:5672: connect: connection refused"
time="2024-07-31T14:03:37Z" level=info msg="Starting command-service..."
time="2024-07-31T14:03:37Z" level=info msg="Starting device-service..."
time="2024-07-31T14:03:37Z" level=info msg="Configuration loaded"
time="2024-07-31T14:03:37Z" level=info msg="Configuration loaded"
time="2024-07-31T14:03:37Z" level=info msg="MongoDB connected"
time="2024-07-31T14:03:37Z" level=info msg="Device-service working clean"
time="2024-07-31T14:03:37Z" level=info msg="Starting Consuming..."
time="2024-07-31T14:03:37Z" level=info msg="MongoDB connected"
time="2024-07-31T14:03:37Z" level=info msg="Dial with Producer is succesfully"
time="2024-07-31T14:03:37Z" level=info msg="Command-Service working clean"
time="2024-07-31T14:03:47Z" level=info msg="Creating new command... map[command_type:set_brightness device_id:66aa4145310be05b6c27b2ad]"
time="2024-07-31T14:03:47Z" level=info msg="Command created successfully map[command_id:66aa44433437b81dd4681350]"
time="2024-07-31T14:03:47Z" level=info msg="Incoming requestmap[duration:39.771194ms method:POST path:/control status:200]"
time="2024-07-31T14:03:47Z" level=info msg="Received a message From Producer: {\"device_id\":\"66aa4145310be05b6c27b2ad\",\"user_id\":\"66aa400fa0c4428372cbad87\",\"command_type\":\"set_brightness\",\"command_payload\":{\"brightness\":80},\"status\":\"pending\"}"
time="2024-07-31T14:04:19Z" level=info msg="Count of commands map[commands_count:1]"
time="2024-07-31T14:04:19Z" level=info msg="Incoming requestmap[duration:1.94425ms method:GET path:/commands status:200]"
time="2024-07-31T14:04:30Z" level=info msg="Count of devices map[devices_count:0]"
time="2024-07-31T14:04:30Z" level=info msg="Incoming requestmap[duration:15.877576ms method:GET path:/devices status:200]"
time="2024-07-31T14:04:39Z" level=info msg="Searching device... map[device_id:66aa4145310be05b6c27b2a]"
time="2024-07-31T14:04:39Z" level=error msg="Invalid device id map[error:the provided hex string is not a valid ObjectID]"
time="2024-07-31T14:04:39Z" level=info msg="Incoming requestmap[duration:1.630477ms method:GET path:/devices/66aa4145310be05b6c27b2a status:500]"
time="2024-07-31T14:04:42Z" level=info msg="Searching device... map[device_id:66aa4145310be05b6c27b2ad]"
time="2024-07-31T14:04:42Z" level=warning msg="Device not found map[device_id:66aa4145310be05b6c27b2ad]"
time="2024-07-31T14:04:42Z" level=info msg="Incoming requestmap[duration:1.772615ms method:GET path:/devices/66aa4145310be05b6c27b2ad status:500]"
time="2024-07-31T14:04:52Z" level=info msg="Updating user... map[user_id:66aa400fa0c4428372cbad87]"
time="2024-07-31T14:04:52Z" level=warning msg="No user updated map[user_id:66aa400fa0c4428372cbad87]"
time="2024-07-31T14:04:52Z" level=info msg="Incoming requestmap[duration:2.734355296s method:PUT path:/users/ status:500]"
time="2024-07-31T14:05:06Z" level=info msg="Count of users map[users_count:0]"
time="2024-07-31T14:05:06Z" level=info msg="Incoming requestmap[duration:1.509936ms method:GET path:/users/profile status:200]"
time="2024-07-31T14:06:16Z" level=info msg="Creating new user... map[email:john@example.com user_name:john_doe]"
time="2024-07-31T14:06:16Z" level=info msg="User created successfully map[user_id:66aa44d82eb72a1971a51a6e]"
time="2024-07-31T14:06:16Z" level=info msg="Redis data name and duration map[data_name:66aa44d82eb72a1971a51a6eUser duration:59m59.684271172s]"
time="2024-07-31T14:06:16Z" level=info msg="Set User to Redis is successfully"
time="2024-07-31T14:06:16Z" level=info msg="Incoming requestmap[duration:27.045229ms method:POST path:/users/register status:200]"
time="2024-07-31T14:06:23Z" level=info msg="Count of users map[users_count:1]"
time="2024-07-31T14:06:23Z" level=info msg="Incoming requestmap[duration:1.54447ms method:GET path:/users/profile status:200]"
time="2024-07-31T14:07:25Z" level=info msg="Searching user... map[email:john@example.com]"
time="2024-07-31T14:07:25Z" level=info msg="User founded successfully map[user_id:66aa44d82eb72a1971a51a6e]"
time="2024-07-31T14:07:25Z" level=info msg="Incoming requestmap[duration:2.2784ms method:POST path:/users/login status:200]"
time="2024-07-31T14:07:58Z" level=info msg="Creating new device... map[device_name:Living Room Light device_type:lightbulb]"
time="2024-07-31T14:07:58Z" level=info msg="Device created successfully map[device_id:66aa453e73474182de47a0c6]"
time="2024-07-31T14:07:58Z" level=info msg="Incoming requestmap[duration:21.565384ms method:POST path:/devices status:200]"
time="2024-07-31T14:08:10Z" level=info msg="Count of devices map[devices_count:1]"
time="2024-07-31T14:08:10Z" level=info msg="Incoming requestmap[duration:2.868625ms method:GET path:/devices status:200]"
time="2024-07-31T14:08:23Z" level=info msg="Searching device... map[device_id:66aa453e73474182de47a0c6]"
time="2024-07-31T14:08:23Z" level=info msg="Device founded successfully map[device_name:Living Room Light device_type:lightbulb]"
time="2024-07-31T14:08:23Z" level=info msg="Incoming requestmap[duration:2.135086ms method:GET path:/devices/66aa453e73474182de47a0c6 status:200]"
time="2024-07-31T14:08:45Z" level=info msg="Creating new command... map[command_type:set_brightness device_id:66aa453e73474182de47a0c6]"
time="2024-07-31T14:08:45Z" level=info msg="Command created successfully map[command_id:66aa456d3437b81dd4681351]"
time="2024-07-31T14:08:45Z" level=info msg="Incoming requestmap[duration:2.460822ms method:POST path:/control status:200]"
time="2024-07-31T14:08:45Z" level=info msg="Received a message From Producer: {\"device_id\":\"66aa453e73474182de47a0c6\",\"user_id\":\"66aa400fa0c4428372cbad87\",\"command_type\":\"set_brightness\",\"command_payload\":{\"brightness\":80},\"status\":\"pending\"}"
time="2024-07-31T14:08:51Z" level=info msg="Count of commands map[commands_count:2]"
time="2024-07-31T14:08:51Z" level=info msg="Incoming requestmap[duration:1.734863ms method:GET path:/commands status:200]"
time="2024-07-31T14:08:59Z" level=info msg="Count of users map[users_count:1]"
time="2024-07-31T14:08:59Z" level=info msg="Incoming requestmap[duration:1.404278ms method:GET path:/users/profile status:200]"
time="2024-07-31T14:09:13Z" level=info msg="Deleting user... map[user_id:66aa44d82eb72a1971a51a6e]"
time="2024-07-31T14:09:13Z" level=info msg="User deleted successfully map[user_id:66aa44d82eb72a1971a51a6e]"
time="2024-07-31T14:09:13Z" level=info msg="Incoming requestmap[duration:2.269176ms method:DELETE path:/users/66aa44d82eb72a1971a51a6e status:200]"
time="2024-08-01T19:31:04Z" level=info msg="Starting user-service..."
time="2024-08-01T19:31:04Z" level=info msg="Configuration loaded"
time="2024-08-01T19:31:05Z" level=info msg="Starting command-service..."
time="2024-08-01T19:31:05Z" level=info msg="Configuration loaded"
time="2024-08-01T19:31:05Z" level=info msg="Starting device-service..."
time="2024-08-01T19:31:05Z" level=info msg="Configuration loaded"
time="2024-08-01T19:31:05Z" level=info msg="Api-gateway starting..."
time="2024-08-01T19:31:05Z" level=info msg="Configuration loaded"
time="2024-08-01T19:31:05Z" level=info msg="Dial with user-service is ok"
time="2024-08-01T19:31:05Z" level=info msg="Dial with device-service is ok"
time="2024-08-01T19:31:05Z" level=info msg="Dial with command-service is ok"
time="2024-08-01T19:31:05Z" level=info msg="MongoDB connected"
time="2024-08-01T19:31:05Z" level=error msg="RabbitMQ connection FAILED dial tcp 172.19.0.4:5672: connect: connection refused"
time="2024-08-01T19:31:05Z" level=info msg="MongoDB connected"
time="2024-08-01T19:31:05Z" level=info msg="Device-service working clean"
time="2024-08-01T19:31:05Z" level=info msg="Starting Consuming..."
time="2024-08-01T19:31:06Z" level=info msg="MongoDB connected"
time="2024-08-01T19:31:06Z" level=info msg="Redis connected"
time="2024-08-01T19:31:06Z" level=info msg="User-service working clean"
time="2024-08-01T19:31:06Z" level=info msg="Grpc User Service listening on :7070"
time="2024-08-01T19:31:51Z" level=info msg="Starting command-service..."
time="2024-08-01T19:31:51Z" level=info msg="Configuration loaded"
time="2024-08-01T19:31:51Z" level=info msg="MongoDB connected"
time="2024-08-01T19:31:51Z" level=info msg="Dial with Producer is succesfully"
time="2024-08-01T19:31:51Z" level=info msg="Command-Service working clean"
time="2024-08-01T19:31:51Z" level=info msg="Starting device-service..."
time="2024-08-01T19:31:51Z" level=info msg="Configuration loaded"
time="2024-08-01T19:31:51Z" level=info msg="MongoDB connected"
time="2024-08-01T19:31:51Z" level=info msg="Device-service working clean"
time="2024-08-01T19:31:51Z" level=info msg="Starting Consuming..."
